<?xml version="1.0" encoding="UTF-8"?>
<!-- Generated by org.testng.reporters.JUnitReportReporter -->
<testsuite hostname="Aspire7" failures="0" tests="1" name="com.sauceDemo.TestClasses.TC05_VerifyProductCanBeSelectedAndMovedToCheckout" time="3.139" errors="0" timestamp="2023-01-06T07:07:14 IST" skipped="0">
  <testcase classname="com.sauceDemo.TestClasses.TC05_VerifyProductCanBeSelectedAndMovedToCheckout" name="verifyProductCanBeSelectedAndMovedToCheckout" time="3.139"/>
  <system-out/>
</testsuite> <!-- com.sauceDemo.TestClasses.TC05_VerifyProductCanBeSelectedAndMovedToCheckout -->
