<?xml version="1.0" encoding="UTF-8"?>
<!-- Generated by org.testng.reporters.JUnitReportReporter -->
<testsuite hostname="Aspire7" failures="0" tests="1" name="com.sauceDemo.TestClasses.Test_1_Verify_Logout_Functionality" time="0.857" errors="0" timestamp="2022-12-30T01:42:15 IST" skipped="0">
  <testcase classname="com.sauceDemo.TestClasses.Test_1_Verify_Logout_Functionality" name="verifyLogoutFunctionality" time="0.857"/>
  <system-out/>
</testsuite> <!-- com.sauceDemo.TestClasses.Test_1_Verify_Logout_Functionality -->
