<?xml version="1.0" encoding="UTF-8"?>
<!-- Generated by org.testng.reporters.JUnitReportReporter -->
<testsuite hostname="Aspire7" failures="0" tests="1" name="com.sauceDemo.TestClasses.Test_4_Verify_Product_Can_Be_Selected_And_Moved_To_Checkout" time="2.603" errors="0" timestamp="2022-12-30T01:42:15 IST" skipped="0">
  <testcase classname="com.sauceDemo.TestClasses.Test_4_Verify_Product_Can_Be_Selected_And_Moved_To_Checkout" name="verifyProductCanBeSelectedAndMovedToCheckout" time="2.603"/>
  <system-out/>
</testsuite> <!-- com.sauceDemo.TestClasses.Test_4_Verify_Product_Can_Be_Selected_And_Moved_To_Checkout -->
