<?xml version="1.0" encoding="UTF-8"?>
<!-- Generated by org.testng.reporters.JUnitReportReporter -->
<testsuite hostname="Aspire7" failures="0" tests="1" name="com.sauceDemo.TestClasses.TC03_VerifyAllProductsCanBeAddedToCart" time="7.692" errors="0" timestamp="2023-01-06T07:07:14 IST" skipped="0">
  <testcase classname="com.sauceDemo.TestClasses.TC03_VerifyAllProductsCanBeAddedToCart" name="verifyAllProductsCanBeAddedToCart" time="7.692"/>
  <system-out/>
</testsuite> <!-- com.sauceDemo.TestClasses.TC03_VerifyAllProductsCanBeAddedToCart -->
