<?xml version="1.0" encoding="UTF-8"?>
<!-- Generated by org.testng.reporters.JUnitReportReporter -->
<testsuite hostname="Aspire7" failures="0" tests="1" name="com.sauceDemo.TestClasses.Test_0_Verify_Login_Functionality" time="0.435" errors="0" timestamp="2022-12-30T01:42:15 IST" skipped="0">
  <testcase classname="com.sauceDemo.TestClasses.Test_0_Verify_Login_Functionality" name="verifyLoginFunctionality" time="0.435"/>
  <system-out/>
</testsuite> <!-- com.sauceDemo.TestClasses.Test_0_Verify_Login_Functionality -->
