<?xml version="1.0" encoding="UTF-8"?>
<!-- Generated by org.testng.reporters.JUnitReportReporter -->
<testsuite hostname="Aspire7" failures="0" tests="1" name="com.sauceDemo.TestClasses.TC02_VerifyLogoutFunctionality" time="0.839" errors="0" timestamp="2023-01-06T07:07:14 IST" skipped="0">
  <testcase classname="com.sauceDemo.TestClasses.TC02_VerifyLogoutFunctionality" name="verifyLogoutFunctionality" time="0.839"/>
  <system-out/>
</testsuite> <!-- com.sauceDemo.TestClasses.TC02_VerifyLogoutFunctionality -->
